\BOOKMARK [0][-]{chapter.1}{Introduction}{}% 1
\BOOKMARK [0][-]{chapter.2}{Project\040Integration}{}% 2
\BOOKMARK [1][-]{section.2.1}{Process\040Groups}{chapter.2}% 3
\BOOKMARK [1][-]{section.2.2}{Project\040Integration}{chapter.2}% 4
\BOOKMARK [2][-]{subsection.2.2.1}{Develop\040Project\040Charter}{section.2.2}% 5
\BOOKMARK [2][-]{subsection.2.2.2}{Project\040Management\040Plan}{section.2.2}% 6
\BOOKMARK [2][-]{subsection.2.2.3}{Directing\040and\040Managing}{section.2.2}% 7
\BOOKMARK [2][-]{subsection.2.2.4}{Monitoring\040and\040Controlling}{section.2.2}% 8
\BOOKMARK [2][-]{subsection.2.2.5}{Integrated\040Change\040Control}{section.2.2}% 9
\BOOKMARK [2][-]{subsection.2.2.6}{Close}{section.2.2}% 10
\BOOKMARK [0][-]{chapter.3}{Project\040Scope\040Management}{}% 11
\BOOKMARK [1][-]{section.3.1}{Plan\040Scope\040Management}{chapter.3}% 12
\BOOKMARK [1][-]{section.3.2}{Collect\040Requirements}{chapter.3}% 13
\BOOKMARK [1][-]{section.3.3}{Scope\040Definition}{chapter.3}% 14
\BOOKMARK [2][-]{subsection.3.3.1}{Included\040in\040Scope}{section.3.3}% 15
\BOOKMARK [1][-]{section.3.4}{Create\040WBS}{chapter.3}% 16
\BOOKMARK [1][-]{section.3.5}{Validate\040Scope}{chapter.3}% 17
\BOOKMARK [2][-]{subsection.3.5.1}{Outputs}{section.3.5}% 18
\BOOKMARK [1][-]{section.3.6}{Control\040Scope}{chapter.3}% 19
\BOOKMARK [0][-]{chapter.4}{Project\040Time\040Management}{}% 20
\BOOKMARK [1][-]{section.4.1}{Processes}{chapter.4}% 21
\BOOKMARK [1][-]{section.4.2}{Plan\040Schedule\040Management\040and\040Define\040Activities}{chapter.4}% 22
\BOOKMARK [1][-]{section.4.3}{Sequence\040Activities}{chapter.4}% 23
\BOOKMARK [1][-]{section.4.4}{Estimate\040Activities}{chapter.4}% 24
\BOOKMARK [1][-]{section.4.5}{Develop\040and\040Control\040Schedule}{chapter.4}% 25
\BOOKMARK [0][-]{chapter.5}{Project\040Cost\040Management}{}% 26
\BOOKMARK [1][-]{section.5.1}{Planning\040Cost\040Management}{chapter.5}% 27
\BOOKMARK [1][-]{section.5.2}{Budgeting}{chapter.5}% 28
\BOOKMARK [1][-]{section.5.3}{Realistic\040Targets}{chapter.5}% 29
\BOOKMARK [1][-]{section.5.4}{Cost\040Control}{chapter.5}% 30
\BOOKMARK [0][-]{chapter.6}{Project\040Quality\040Management}{}% 31
\BOOKMARK [1][-]{section.6.1}{Quality\040Process}{chapter.6}% 32
\BOOKMARK [2][-]{subsection.6.1.1}{Quality\040Management}{section.6.1}% 33
\BOOKMARK [2][-]{subsection.6.1.2}{Quality\040Assurance}{section.6.1}% 34
\BOOKMARK [1][-]{section.6.2}{Quality\040Control}{chapter.6}% 35
\BOOKMARK [1][-]{section.6.3}{Quality\040Support}{chapter.6}% 36
\BOOKMARK [2][-]{subsection.6.3.1}{Tools\040and\040Techniques}{section.6.3}% 37
\BOOKMARK [1][-]{section.6.4}{Quality\040Standards}{chapter.6}% 38
\BOOKMARK [0][-]{chapter.7}{Project\040Risk\040Management}{}% 39
\BOOKMARK [1][-]{section.7.1}{Processes}{chapter.7}% 40
\BOOKMARK [1][-]{section.7.2}{Techniques}{chapter.7}% 41
\BOOKMARK [1][-]{section.7.3}{Risk\040Management\040Plans}{chapter.7}% 42
\BOOKMARK [0][-]{chapter.8}{Project\040Human\040Resource\040Management}{}% 43
\BOOKMARK [1][-]{section.8.1}{Plan\040Human\040Resource\040Management}{chapter.8}% 44
\BOOKMARK [2][-]{subsection.8.1.1}{Roles}{section.8.1}% 45
\BOOKMARK [2][-]{subsection.8.1.2}{Relationships}{section.8.1}% 46
\BOOKMARK [1][-]{section.8.2}{Authority\040and\040Organisation}{chapter.8}% 47
\BOOKMARK [1][-]{section.8.3}{Identify\040Competencies}{chapter.8}% 48
\BOOKMARK [1][-]{section.8.4}{Organisation\040and\040Planning}{chapter.8}% 49
